c:\users\irisl\desktop\enti\3r cdi\1r semestre\tècniques d'intel·ligència artificial\aa4\2324_ai_decisionmaking\aa4\sdl_pathfinding\sdl_pathfinding\debug\vc143.pdb
c:\users\irisl\desktop\enti\3r cdi\1r semestre\tècniques d'intel·ligència artificial\aa4\2324_ai_decisionmaking\aa4\sdl_pathfinding\sdl_pathfinding\debug\vc143.idb
c:\users\irisl\desktop\enti\3r cdi\1r semestre\tècniques d'intel·ligència artificial\aa4\2324_ai_decisionmaking\aa4\sdl_pathfinding\sdl_pathfinding\debug\priorityblendingbehavior.obj
c:\users\irisl\desktop\enti\3r cdi\1r semestre\tècniques d'intel·ligència artificial\aa4\2324_ai_decisionmaking\aa4\sdl_pathfinding\sdl_pathfinding\debug\pathfollowing.obj
c:\users\irisl\desktop\enti\3r cdi\1r semestre\tècniques d'intel·ligència artificial\aa4\2324_ai_decisionmaking\aa4\sdl_pathfinding\sdl_pathfinding\debug\main.obj
c:\users\irisl\desktop\enti\3r cdi\1r semestre\tècniques d'intel·ligència artificial\aa4\2324_ai_decisionmaking\aa4\sdl_pathfinding\sdl_pathfinding\debug\grid.obj
c:\users\irisl\desktop\enti\3r cdi\1r semestre\tècniques d'intel·ligència artificial\aa4\2324_ai_decisionmaking\aa4\sdl_pathfinding\sdl_pathfinding\debug\goapworldstate.obj
c:\users\irisl\desktop\enti\3r cdi\1r semestre\tècniques d'intel·ligència artificial\aa4\2324_ai_decisionmaking\aa4\sdl_pathfinding\sdl_pathfinding\debug\goapaction_shoot.obj
c:\users\irisl\desktop\enti\3r cdi\1r semestre\tècniques d'intel·ligència artificial\aa4\2324_ai_decisionmaking\aa4\sdl_pathfinding\sdl_pathfinding\debug\goapaction_patrol.obj
c:\users\irisl\desktop\enti\3r cdi\1r semestre\tècniques d'intel·ligència artificial\aa4\2324_ai_decisionmaking\aa4\sdl_pathfinding\sdl_pathfinding\debug\goapaction_aim.obj
c:\users\irisl\desktop\enti\3r cdi\1r semestre\tècniques d'intel·ligència artificial\aa4\2324_ai_decisionmaking\aa4\sdl_pathfinding\sdl_pathfinding\debug\goapaction.obj
c:\users\irisl\desktop\enti\3r cdi\1r semestre\tècniques d'intel·ligència artificial\aa4\2324_ai_decisionmaking\aa4\sdl_pathfinding\sdl_pathfinding\debug\goap.obj
c:\users\irisl\desktop\enti\3r cdi\1r semestre\tècniques d'intel·ligència artificial\aa4\2324_ai_decisionmaking\aa4\sdl_pathfinding\sdl_pathfinding\debug\fsmstate_patrol.obj
c:\users\irisl\desktop\enti\3r cdi\1r semestre\tècniques d'intel·ligència artificial\aa4\2324_ai_decisionmaking\aa4\sdl_pathfinding\sdl_pathfinding\debug\fsmstate_evade.obj
c:\users\irisl\desktop\enti\3r cdi\1r semestre\tècniques d'intel·ligència artificial\aa4\2324_ai_decisionmaking\aa4\sdl_pathfinding\sdl_pathfinding\debug\fsmstate_chase.obj
c:\users\irisl\desktop\enti\3r cdi\1r semestre\tècniques d'intel·ligència artificial\aa4\2324_ai_decisionmaking\aa4\sdl_pathfinding\sdl_pathfinding\debug\fsm.obj
c:\users\irisl\desktop\enti\3r cdi\1r semestre\tècniques d'intel·ligència artificial\aa4\2324_ai_decisionmaking\aa4\sdl_pathfinding\sdl_pathfinding\debug\flockingbehavior.obj
c:\users\irisl\desktop\enti\3r cdi\1r semestre\tècniques d'intel·ligència artificial\aa4\2324_ai_decisionmaking\aa4\sdl_pathfinding\sdl_pathfinding\debug\fleebehavior.obj
c:\users\irisl\desktop\enti\3r cdi\1r semestre\tècniques d'intel·ligència artificial\aa4\2324_ai_decisionmaking\aa4\sdl_pathfinding\sdl_pathfinding\debug\collisionavoidancebehavior.obj
c:\users\irisl\desktop\enti\3r cdi\1r semestre\tècniques d'intel·ligència artificial\aa4\2324_ai_decisionmaking\aa4\sdl_pathfinding\sdl_pathfinding\debug\cohesionbehavior.obj
c:\users\irisl\desktop\enti\3r cdi\1r semestre\tècniques d'intel·ligència artificial\aa4\2324_ai_decisionmaking\aa4\sdl_pathfinding\sdl_pathfinding\debug\allignmentbehavior.obj
c:\users\irisl\desktop\enti\3r cdi\1r semestre\tècniques d'intel·ligència artificial\aa4\2324_ai_decisionmaking\aa4\sdl_pathfinding\sdl_pathfinding\debug\agent.obj
c:\users\irisl\desktop\enti\3r cdi\1r semestre\tècniques d'intel·ligència artificial\aa4\2324_ai_decisionmaking\aa4\sdl_pathfinding\sdl_pathfinding\debug\weightedblendingbehavior.obj
c:\users\irisl\desktop\enti\3r cdi\1r semestre\tècniques d'intel·ligència artificial\aa4\2324_ai_decisionmaking\aa4\sdl_pathfinding\sdl_pathfinding\debug\utils.obj
c:\users\irisl\desktop\enti\3r cdi\1r semestre\tècniques d'intel·ligència artificial\aa4\2324_ai_decisionmaking\aa4\sdl_pathfinding\sdl_pathfinding\debug\steeringbehavior.obj
c:\users\irisl\desktop\enti\3r cdi\1r semestre\tècniques d'intel·ligència artificial\aa4\2324_ai_decisionmaking\aa4\sdl_pathfinding\sdl_pathfinding\debug\separationbehavior.obj
c:\users\irisl\desktop\enti\3r cdi\1r semestre\tècniques d'intel·ligència artificial\aa4\2324_ai_decisionmaking\aa4\sdl_pathfinding\sdl_pathfinding\debug\seekbehavior.obj
c:\users\irisl\desktop\enti\3r cdi\1r semestre\tècniques d'intel·ligència artificial\aa4\2324_ai_decisionmaking\aa4\sdl_pathfinding\sdl_pathfinding\debug\seek.obj
c:\users\irisl\desktop\enti\3r cdi\1r semestre\tècniques d'intel·ligència artificial\aa4\2324_ai_decisionmaking\aa4\sdl_pathfinding\sdl_pathfinding\debug\sdl_simpleapp.obj
c:\users\irisl\desktop\enti\3r cdi\1r semestre\tècniques d'intel·ligència artificial\aa4\2324_ai_decisionmaking\aa4\sdl_pathfinding\sdl_pathfinding\debug\scenepathfindingmouse.obj
c:\users\irisl\desktop\enti\3r cdi\1r semestre\tècniques d'intel·ligència artificial\aa4\2324_ai_decisionmaking\aa4\sdl_pathfinding\sdl_pathfinding\debug\scenegoap.obj
c:\users\irisl\desktop\enti\3r cdi\1r semestre\tècniques d'intel·ligència artificial\aa4\2324_ai_decisionmaking\aa4\sdl_pathfinding\sdl_pathfinding\debug\scenefsm.obj
c:\users\irisl\desktop\enti\3r cdi\1r semestre\tècniques d'intel·ligència artificial\aa4\2324_ai_decisionmaking\aa4\\bin\sdl_pathfinding.pdb
c:\users\irisl\desktop\enti\3r cdi\1r semestre\tècniques d'intel·ligència artificial\aa4\2324_ai_decisionmaking\aa4\sdl_pathfinding\sdl_pathfinding\debug\sdl_pathfinding.tlog\cl.command.1.tlog
c:\users\irisl\desktop\enti\3r cdi\1r semestre\tècniques d'intel·ligència artificial\aa4\2324_ai_decisionmaking\aa4\sdl_pathfinding\sdl_pathfinding\debug\sdl_pathfinding.tlog\cl.items.tlog
c:\users\irisl\desktop\enti\3r cdi\1r semestre\tècniques d'intel·ligència artificial\aa4\2324_ai_decisionmaking\aa4\sdl_pathfinding\sdl_pathfinding\debug\sdl_pathfinding.tlog\cl.read.1.tlog
c:\users\irisl\desktop\enti\3r cdi\1r semestre\tècniques d'intel·ligència artificial\aa4\2324_ai_decisionmaking\aa4\sdl_pathfinding\sdl_pathfinding\debug\sdl_pathfinding.tlog\cl.write.1.tlog
c:\users\irisl\desktop\enti\3r cdi\1r semestre\tècniques d'intel·ligència artificial\aa4\2324_ai_decisionmaking\aa4\sdl_pathfinding\sdl_pathfinding\debug\sdl_pathfinding.tlog\link.16908-cvtres.read.1.tlog
c:\users\irisl\desktop\enti\3r cdi\1r semestre\tècniques d'intel·ligència artificial\aa4\2324_ai_decisionmaking\aa4\sdl_pathfinding\sdl_pathfinding\debug\sdl_pathfinding.tlog\link.16908-cvtres.write.1.tlog
c:\users\irisl\desktop\enti\3r cdi\1r semestre\tècniques d'intel·ligència artificial\aa4\2324_ai_decisionmaking\aa4\sdl_pathfinding\sdl_pathfinding\debug\sdl_pathfinding.tlog\link.16908-rc.read.1.tlog
c:\users\irisl\desktop\enti\3r cdi\1r semestre\tècniques d'intel·ligència artificial\aa4\2324_ai_decisionmaking\aa4\sdl_pathfinding\sdl_pathfinding\debug\sdl_pathfinding.tlog\link.16908-rc.write.1.tlog
c:\users\irisl\desktop\enti\3r cdi\1r semestre\tècniques d'intel·ligència artificial\aa4\2324_ai_decisionmaking\aa4\sdl_pathfinding\sdl_pathfinding\debug\sdl_pathfinding.tlog\link.16908.read.1.tlog
c:\users\irisl\desktop\enti\3r cdi\1r semestre\tècniques d'intel·ligència artificial\aa4\2324_ai_decisionmaking\aa4\sdl_pathfinding\sdl_pathfinding\debug\sdl_pathfinding.tlog\link.16908.write.1.tlog
c:\users\irisl\desktop\enti\3r cdi\1r semestre\tècniques d'intel·ligència artificial\aa4\2324_ai_decisionmaking\aa4\sdl_pathfinding\sdl_pathfinding\debug\sdl_pathfinding.tlog\link.command.1.tlog
c:\users\irisl\desktop\enti\3r cdi\1r semestre\tècniques d'intel·ligència artificial\aa4\2324_ai_decisionmaking\aa4\sdl_pathfinding\sdl_pathfinding\debug\sdl_pathfinding.tlog\link.read.1.tlog
c:\users\irisl\desktop\enti\3r cdi\1r semestre\tècniques d'intel·ligència artificial\aa4\2324_ai_decisionmaking\aa4\sdl_pathfinding\sdl_pathfinding\debug\sdl_pathfinding.tlog\link.write.1.tlog
